2023-04-17 17:41:47,622 [Worker-22] INFO  com.tibco.bw.migration.debug  - Generating BW 6 application for BW5 project/projects at C:\tibcobw5\designer\5.7\migrate
2023-04-17 17:41:47,955 [Worker-22] INFO  com.tibco.bw.migration.debug  - Migrating Global Variables..
2023-04-17 17:41:48,202 [Worker-22] INFO  com.tibco.bw.migration.debug  - Migrating Shared Resources..
2023-04-17 17:41:48,232 [Worker-22] DEBUG com.tibco.bw.migration.debug  - Found Migrator for fileExtensionsharedparse  com.tibco.bw.tools.migrator.v6.palette.parse.sharedResource.DataFormatSharedResourceTypeMigrator@1f9e978c
2023-04-17 17:41:48,510 [Worker-22] DEBUG com.tibco.bw.migration.debug  - http://ns.tibco.com/bw/palette/dataformat/migrate/Data-Format.xsd       file:/e:/Migration_Test1/migrate/migrate/Data-Format.xsd
2023-04-17 17:41:48,512 [Worker-22] DEBUG com.tibco.bw.migration.debug  - Added Schema to ResourceSet => http://ns.tibco.com/bw/palette/dataformat/migrate/Data-Format.xsd   with location   e:/Migration_Test1/migrate/migrate/Data-Format.xsd
2023-04-17 17:41:48,512 [Worker-22] DEBUG com.tibco.bw.migration.debug  - http://www.tibco.com/xmlns/ae2xsd/2002/05/ae/baseDocument       file:/e:/Migration_Test1/migrate/Schemas/ae/baseDocument.xsd
2023-04-17 17:41:48,512 [Worker-22] DEBUG com.tibco.bw.migration.debug  - Added Schema to ResourceSet => http://www.tibco.com/xmlns/ae2xsd/2002/05/ae/baseDocument   with location   e:/Migration_Test1/migrate/Schemas/ae/baseDocument.xsd
2023-04-17 17:41:48,513 [Worker-22] DEBUG com.tibco.bw.migration.debug  - http://www.tibco.com/xmlns/ae2xsd/2002/05       file:/e:/Migration_Test1/migrate/Schemas/ae2xsd.xsd
2023-04-17 17:41:48,513 [Worker-22] DEBUG com.tibco.bw.migration.debug  - Added Schema to ResourceSet => http://www.tibco.com/xmlns/ae2xsd/2002/05   with location   e:/Migration_Test1/migrate/Schemas/ae2xsd.xsd
2023-04-17 17:41:48,513 [Worker-22] DEBUG com.tibco.bw.migration.debug  - http://www.tibco.com/xmlns/ae2xsd/2002/05       file:/e:/Migration_Test1/migrate/Schemas/ae2xsd.xsd
2023-04-17 17:41:48,514 [Worker-22] DEBUG com.tibco.bw.migration.debug  - Added Schema to ResourceSet => http://www.tibco.com/xmlns/ae2xsd/2002/05   with location   e:/Migration_Test1/migrate/Schemas/ae2xsd.xsd
2023-04-17 17:41:48,514 [Worker-22] INFO  com.tibco.bw.migration.debug  - Migrating Processes..
2023-04-17 17:41:48,515 [Worker-22] INFO  com.tibco.bw.migration.debug  - Process Migration Order is => 
2023-04-17 17:41:48,515 [Worker-22] INFO  com.tibco.bw.migration.debug  - migrate/Process Definition.process
2023-04-17 17:41:48,582 [Worker-22] INFO  com.tibco.bw.migration.debug  - Migrating process - migrate/Process Definition.process
2023-04-17 17:41:48,587 [Worker-22] INFO  com.tibco.bw.migration.debug  - The process "migrate.Process-Definition" migration started
2023-04-17 17:41:48,592 [Worker-22] DEBUG com.tibco.bw.migration.debug  - Timer EventSource "Timer" migration tasks :
2023-04-17 17:41:48,592 [Worker-22] DEBUG com.tibco.bw.migration.debug  - Creating Timer EventSource
2023-04-17 17:41:48,592 [Worker-22] DEBUG com.tibco.bw.migration.debug  - Migrating Timer EventSource StartTime: Fri Apr 14 18:29:53 IST 2023
2023-04-17 17:41:48,593 [Worker-22] DEBUG com.tibco.bw.migration.debug  - Migrating Timer EventSource RunOnce: true
2023-04-17 17:41:48,594 [Worker-22] DEBUG com.tibco.bw.migration.debug  - Migrating Timer EventSource TimeInterval: 1
2023-04-17 17:41:48,594 [Worker-22] DEBUG com.tibco.bw.migration.debug  - Migrating Timer EventSource IntervalUnit: Second
2023-04-17 17:41:48,869 [Worker-22] DEBUG com.tibco.bw.migration.debug  - An Event Source's getInputType() method should never be called
java.lang.IllegalStateException: An Event Source's getInputType() method should never be called
	at com.tibco.bw.design.api.BWEventSourceSignature.getInputType(BWEventSourceSignature.java:44)
	at com.tibco.bw.tools.migrator.v6.impl.Bw6ActivityTypeSignature.getActivityInputElementDecl(Bw6ActivityTypeSignature.java:101)
	at com.tibco.bw.tools.migrator.v6.modelbuilders.process.impl.Bw6ProcessBuilder.migrateActivitySignatureAndMapping(Bw6ProcessBuilder.java:4168)
	at com.tibco.bw.tools.migrator.v6.modelbuilders.process.impl.Bw6ProcessBuilder.buildActivity(Bw6ProcessBuilder.java:1153)
	at com.tibco.bw.tools.migrator.v6.modelbuilders.process.impl.Bw6ProcessBuilder.buildFlow(Bw6ProcessBuilder.java:917)
	at com.tibco.bw.tools.migrator.v6.modelbuilders.process.impl.Bw6ProcessBuilder.buildProcess(Bw6ProcessBuilder.java:460)
	at com.tibco.bw.tools.migrator.v6.modelbuilders.process.impl.Bw6ProcessBuilder.build(Bw6ProcessBuilder.java:337)
	at com.tibco.bw.tools.migrator.v6.composite.application.generator.impl.Bw6ProcessGenerator.buildProcess(Bw6ProcessGenerator.java:790)
	at com.tibco.bw.tools.migrator.v6.composite.application.generator.impl.Bw6ProcessGenerator.buildProcess(Bw6ProcessGenerator.java:769)
	at com.tibco.bw.tools.migrator.v6.composite.application.generator.impl.Bw6ProcessGenerator.generate(Bw6ProcessGenerator.java:329)
	at com.tibco.bw.tools.migrator.v6.composite.application.generator.impl.Bw6ProcessGenerator.generateProcesses(Bw6ProcessGenerator.java:272)
	at com.tibco.bw.tools.migrator.v6.composite.application.generator.impl.Bw6ProcessGenerator.generateProcesses(Bw6ProcessGenerator.java:131)
	at com.tibco.bw.tools.migrator.v6.composite.application.generator.impl.Bw6ProcessGenerator.generate(Bw6ProcessGenerator.java:113)
	at com.tibco.bw.tools.migrator.v6.composite.application.generator.impl.CompositeApplicationGenerator.generateProcesses(CompositeApplicationGenerator.java:1521)
	at com.tibco.bw.tools.migrator.v6.composite.application.generator.impl.CompositeApplicationGenerator.writeCompositeAppProject(CompositeApplicationGenerator.java:585)
	at com.tibco.bw.tools.migrator.v6.composite.application.generator.impl.CompositeApplicationGenerator.generateProject(CompositeApplicationGenerator.java:368)
	at com.tibco.bw.tools.migrator.v6.composite.application.generator.impl.CompositeApplicationGenerator.generate(CompositeApplicationGenerator.java:221)
	at com.tibco.bw.tools.migrator.v6.impl.Bw6MigratorV2.migrate(Bw6MigratorV2.java:159)
	at com.tibco.bw.tools.migrator.v6.impl.Bw6MigratorV2.migrate(Bw6MigratorV2.java:100)
	at com.tibco.bw.tools.migrator.v6.utils.ProjectMigrationJob$MigrationJob.migrateProject(ProjectMigrationJob.java:222)
	at com.tibco.bw.tools.migrator.v6.utils.ProjectMigrationJob$MigrationJob.startMigration(ProjectMigrationJob.java:209)
	at com.tibco.bw.tools.migrator.v6.utils.ProjectMigrationJob$MigrationJob.run(ProjectMigrationJob.java:178)
	at org.eclipse.core.internal.jobs.Worker.run(Worker.java:54)
2023-04-17 17:41:48,878 [Worker-22] DEBUG com.tibco.bw.migration.debug  - The activity "Timer" has been migrated.
2023-04-17 17:41:48,882 [Worker-22] DEBUG com.tibco.bw.migration.debug  - 	*** Updated Activity Report from HANDLER for Activity Timer
2023-04-17 17:41:48,883 [Worker-22] DEBUG com.tibco.bw.migration.debug  - 		*** Activity: Timer	HASHCODE: 1739572979
2023-04-17 17:41:48,883 [Worker-22] DEBUG com.tibco.bw.migration.debug  - 		 IsUpdated = true
2023-04-17 17:41:48,884 [Worker-22] DEBUG com.tibco.bw.migration.debug  - 	***DONE
2023-04-17 17:41:48,888 [Worker-22] DEBUG com.tibco.bw.migration.debug  - 
File read activity "Read File" migration tasks :
2023-04-17 17:41:48,889 [Worker-22] DEBUG com.tibco.bw.migration.debug  - Creating read file activity
2023-04-17 17:41:48,890 [Worker-22] DEBUG com.tibco.bw.migration.debug  - migrating read file activity encoding property
2023-04-17 17:41:49,233 [Worker-22] DEBUG com.tibco.bw.migration.debug  - The activity "Read File" has been migrated.
2023-04-17 17:41:49,243 [Worker-22] DEBUG com.tibco.bw.migration.debug  - 	*** Updated Activity Report from HANDLER for Activity Read-File
2023-04-17 17:41:49,244 [Worker-22] DEBUG com.tibco.bw.migration.debug  - 		*** Activity: Read-File	HASHCODE: 1754434194
2023-04-17 17:41:49,244 [Worker-22] DEBUG com.tibco.bw.migration.debug  - 		 IsUpdated = true
2023-04-17 17:41:49,244 [Worker-22] DEBUG com.tibco.bw.migration.debug  - 	***DONE
2023-04-17 17:41:49,247 [Worker-22] DEBUG com.tibco.bw.migration.debug  - Creating parse data activity
2023-04-17 17:41:49,659 [Worker-22] DEBUG com.tibco.bw.migration.debug  - The activity "Parse Data" has been migrated.
2023-04-17 17:41:49,668 [Worker-22] DEBUG com.tibco.bw.migration.debug  - 	*** Updated Activity Report from HANDLER for Activity Parse-Data
2023-04-17 17:41:49,669 [Worker-22] DEBUG com.tibco.bw.migration.debug  - 		*** Activity: Parse-Data	HASHCODE: 420722510
2023-04-17 17:41:49,669 [Worker-22] DEBUG com.tibco.bw.migration.debug  - 		 IsUpdated = true
2023-04-17 17:41:49,669 [Worker-22] DEBUG com.tibco.bw.migration.debug  - 	***DONE
2023-04-17 17:41:49,671 [Worker-22] DEBUG com.tibco.bw.migration.debug  - Write to Log activity "Log" migration tasks :
2023-04-17 17:41:49,672 [Worker-22] DEBUG com.tibco.bw.migration.debug  - Creating WriteToLog Activity
2023-04-17 17:41:49,672 [Worker-22] DEBUG com.tibco.bw.migration.debug  - Migrating WriteToLog Role: User
2023-04-17 17:41:49,672 [Worker-22] DEBUG com.tibco.bw.migration.debug  - Migrating WriteToLog SuppressJobInfo: false
2023-04-17 17:41:49,944 [Worker-22] DEBUG com.tibco.bw.migration.debug  - The activity "Log" has been migrated.
2023-04-17 17:41:49,947 [Worker-22] DEBUG com.tibco.bw.migration.debug  - 	*** Updated Activity Report from HANDLER for Activity Log
2023-04-17 17:41:49,947 [Worker-22] DEBUG com.tibco.bw.migration.debug  - 		*** Activity: Log	HASHCODE: 1476435755
2023-04-17 17:41:49,948 [Worker-22] DEBUG com.tibco.bw.migration.debug  - 		 IsUpdated = true
2023-04-17 17:41:49,948 [Worker-22] DEBUG com.tibco.bw.migration.debug  - 	***DONE
2023-04-17 17:41:49,952 [Worker-22] DEBUG com.tibco.bw.migration.debug  - The activity "End" has been migrated.
2023-04-17 17:41:49,953 [Worker-22] DEBUG com.tibco.bw.migration.debug  - 	*** Updated Activity Report from HANDLER for Activity End
2023-04-17 17:41:49,953 [Worker-22] DEBUG com.tibco.bw.migration.debug  - 		*** Activity: End	HASHCODE: 1495374339
2023-04-17 17:41:49,954 [Worker-22] DEBUG com.tibco.bw.migration.debug  - 		 IsUpdated = true
2023-04-17 17:41:49,954 [Worker-22] DEBUG com.tibco.bw.migration.debug  - 	***DONE
2023-04-17 17:41:49,959 [Worker-22] DEBUG com.tibco.bw.migration.debug  - ############## ProcessReportImpl->addReport() not implemented for: class org.eclipse.bpel.model.impl.SourceImpl ####################
2023-04-17 17:41:49,980 [Worker-22] DEBUG com.tibco.bw.migration.debug  - ############## ProcessReportImpl->addReport() not implemented for: class org.eclipse.bpel.model.impl.SourceImpl ####################
2023-04-17 17:41:50,004 [Worker-22] DEBUG com.tibco.bw.migration.debug  - ############## ProcessReportImpl->addReport() not implemented for: class org.eclipse.bpel.model.impl.SourceImpl ####################
2023-04-17 17:41:50,013 [Worker-22] DEBUG com.tibco.bw.migration.debug  - ############## ProcessReportImpl->addReport() not implemented for: class org.eclipse.bpel.model.impl.SourceImpl ####################
2023-04-17 17:41:50,015 [Worker-22] INFO  com.tibco.bw.migration.debug  - The process "migrate.Process-Definition" migration done.
